<?xml version="1.0" encoding="UTF-8"?>
<!-- Generated by org.testng.reporters.JUnitReportReporter -->
<testsuite hostname="TBLSYS018" failures="0" tests="1" name="Package_Medicare.Medicare_Driver" time="196.622" errors="0" timestamp="08 Aug 2021 13:55:53 GMT" skipped="0">
  <testcase classname="Package_Medicare.Medicare_Driver" name="calling_webpages" time="196.622"/>
</testsuite> <!-- Package_Medicare.Medicare_Driver -->
